c:\users\himaw\onedrive\デスクトップ\2年課題\gameprogramming\debug\vc120.pdb
c:\users\himaw\onedrive\デスクトップ\2年課題\gameprogramming\debug\vc120.idb
c:\users\himaw\onedrive\デスクトップ\2年課題\gameprogramming\debug\crectangle.obj
c:\users\himaw\onedrive\デスクトップ\2年課題\gameprogramming\debug\cscenegame.obj
c:\users\himaw\onedrive\デスクトップ\2年課題\gameprogramming\debug\cscenegame2.obj
c:\users\himaw\onedrive\デスクトップ\2年課題\gameprogramming\debug\cscenegameboss.obj
c:\users\himaw\onedrive\デスクトップ\2年課題\gameprogramming\debug\cscenegameover.obj
c:\users\himaw\onedrive\デスクトップ\2年課題\gameprogramming\debug\cscenemanager.obj
c:\users\himaw\onedrive\デスクトップ\2年課題\gameprogramming\debug\csceneresult.obj
c:\users\himaw\onedrive\デスクトップ\2年課題\gameprogramming\debug\cscenetitle.obj
c:\users\himaw\onedrive\デスクトップ\2年課題\gameprogramming\debug\cscore.obj
c:\users\himaw\onedrive\デスクトップ\2年課題\gameprogramming\debug\csmg.obj
c:\users\himaw\onedrive\デスクトップ\2年課題\gameprogramming\debug\csound.obj
c:\users\himaw\onedrive\デスクトップ\2年課題\gameprogramming\debug\ctext.obj
c:\users\himaw\onedrive\デスクトップ\2年課題\gameprogramming\debug\ctexture.obj
c:\users\himaw\onedrive\デスクトップ\2年課題\gameprogramming\debug\drawtask.obj
c:\users\himaw\onedrive\デスクトップ\2年課題\gameprogramming\debug\drawtaskmanager.obj
c:\users\himaw\onedrive\デスクトップ\2年課題\gameprogramming\debug\task.obj
c:\users\himaw\onedrive\デスクトップ\2年課題\gameprogramming\debug\taskmanager.obj
c:\users\himaw\onedrive\デスクトップ\2年課題\gameprogramming\debug\update.obj
c:\users\himaw\onedrive\デスクトップ\2年課題\gameprogramming\debug\main.obj
c:\users\himaw\onedrive\デスクトップ\2年課題\gameprogramming\debug\cbase.obj
c:\users\himaw\onedrive\デスクトップ\2年課題\gameprogramming\debug\cenemy.obj
c:\users\himaw\onedrive\デスクトップ\2年課題\gameprogramming\debug\cenemy2.obj
c:\users\himaw\onedrive\デスクトップ\2年課題\gameprogramming\debug\cenemyattack.obj
c:\users\himaw\onedrive\デスクトップ\2年課題\gameprogramming\debug\cenemyboss.obj
c:\users\himaw\onedrive\デスクトップ\2年課題\gameprogramming\debug\charpoon.obj
c:\users\himaw\onedrive\デスクトップ\2年課題\gameprogramming\debug\cplayerhp.obj
c:\users\himaw\onedrive\デスクトップ\2年課題\gameprogramming\debug\cicon1.obj
c:\users\himaw\onedrive\デスクトップ\2年課題\gameprogramming\debug\cicon2.obj
c:\users\himaw\onedrive\デスクトップ\2年課題\gameprogramming\debug\citem1.obj
c:\users\himaw\onedrive\デスクトップ\2年課題\gameprogramming\debug\citem2.obj
c:\users\himaw\onedrive\デスクトップ\2年課題\gameprogramming\debug\citem3.obj
c:\users\himaw\onedrive\デスクトップ\2年課題\gameprogramming\debug\citem4.obj
c:\users\himaw\onedrive\デスクトップ\2年課題\gameprogramming\debug\ckey.obj
c:\users\himaw\onedrive\デスクトップ\2年課題\gameprogramming\debug\cmap.obj
c:\users\himaw\onedrive\デスクトップ\2年課題\gameprogramming\debug\cmap2.obj
c:\users\himaw\onedrive\デスクトップ\2年課題\gameprogramming\debug\cplayer.obj
c:\users\himaw\onedrive\デスクトップ\2年課題\gameprogramming\debug\cplayerattack.obj
c:\users\himaw\onedrive\デスクトップ\2年課題\gameprogramming\debug\cwakame.obj
c:\users\himaw\onedrive\デスクトップ\2年課題\debug\gameprogramming.ilk
c:\users\himaw\onedrive\デスクトップ\2年課題\debug\gameprogramming.exe
c:\users\himaw\onedrive\デスクトップ\2年課題\debug\gameprogramming.pdb
c:\users\himaw\onedrive\デスクトップ\2年課題\gameprogramming\debug\gameprogramming.tlog\cl.command.1.tlog
c:\users\himaw\onedrive\デスクトップ\2年課題\gameprogramming\debug\gameprogramming.tlog\cl.read.1.tlog
c:\users\himaw\onedrive\デスクトップ\2年課題\gameprogramming\debug\gameprogramming.tlog\cl.write.1.tlog
c:\users\himaw\onedrive\デスクトップ\2年課題\gameprogramming\debug\gameprogramming.tlog\link.command.1.tlog
c:\users\himaw\onedrive\デスクトップ\2年課題\gameprogramming\debug\gameprogramming.tlog\link.read.1.tlog
c:\users\himaw\onedrive\デスクトップ\2年課題\gameprogramming\debug\gameprogramming.tlog\link.write.1.tlog
