2021/08/04 10:31:23 にビルドを開始しました。
     1>ノード 2 上のプロジェクト "C:\Users\himaw\OneDrive\デスクトップ\2D\game2\GP実習2021\GameProgramming\GameProgramming.vcxproj" (Build ターゲット)。
     1>Link:
         C:\Program Files (x86)\Microsoft Visual Studio 12.0\VC\bin\link.exe /ERRORREPORT:PROMPT /OUT:"C:\Users\himaw\OneDrive\デスクトップ\2D\game2\GP実習2021\Release\GameProgramming.exe" /INCREMENTAL:NO /NOLOGO glew32.lib glfw3.lib glfw3dll.lib glut32.lib SOIL.lib kernel32.lib user32.lib gdi32.lib winspool.lib comdlg32.lib advapi32.lib shell32.lib ole32.lib oleaut32.lib uuid.lib odbc32.lib odbccp32.lib /MANIFEST /MANIFESTUAC:"level='asInvoker' uiAccess='false'" /manifest:embed /DEBUG /PDB:"C:\Users\himaw\OneDrive\デスクトップ\2D\game2\GP実習2021\Release\GameProgramming.pdb" /SUBSYSTEM:CONSOLE /OPT:REF /OPT:ICF /LTCG /TLBID:1 /DYNAMICBASE /NXCOMPAT /IMPLIB:"C:\Users\himaw\OneDrive\デスクトップ\2D\game2\GP実習2021\Release\GameProgramming.lib" /MACHINE:X86 /SAFESEH Release\CBubble.obj
         Release\CBase.obj
         Release\CEnemy.obj
         Release\CMine.obj
         Release\CEnemyAttack.obj
         Release\CHarpoon.obj
         Release\CPlayerAttack.obj
         Release\CPlayerHP.obj
         Release\CIcon1.obj
         Release\CIcon2.obj
         Release\CItem1.obj
         Release\CItem2.obj
         Release\CItem3.obj
         Release\CItem4.obj
         Release\CKey.obj
         Release\CMap.obj
         Release\CMap2.obj
         Release\CPlayer.obj
         Release\CRectangle.obj
         Release\CSceneGame.obj
         Release\CSceneGame2.obj
         Release\CSceneManager.obj
         Release\CSceneResult.obj
         Release\CSceneTitle.obj
         Release\CScore.obj
         Release\CSmg.obj
         Release\CSound.obj
         Release\CSSearch.obj
         Release\CText.obj
         Release\CTexture.obj
         Release\CWakame.obj
         Release\DrawTask.obj
         Release\DrawTaskManager.obj
         Release\Task.obj
         Release\TaskManager.obj
         Release\Update.obj
         Release\main.obj
     1>LINK : warning LNK4098: defaultlib 'LIBCMT' は他のライブラリの使用と競合しています。/NODEFAULTLIB:library を使用してください。
         コード生成しています。
         コード生成が終了しました。
         GameProgramming.vcxproj -> C:\Users\himaw\OneDrive\デスクトップ\2D\game2\GP実習2021\Release\GameProgramming.exe
     1>プロジェクト "C:\Users\himaw\OneDrive\デスクトップ\2D\game2\GP実習2021\GameProgramming\GameProgramming.vcxproj" (Build ターゲット) のビルドが完了しました。

ビルドに成功しました。

経過時間 00:00:01.69
